Using pre-set license
Built from '2020.3/staging' branch; Version is '2020.3.4f1 (0abb6314276a) revision 703331'; Using compiler version '192528614'; Build Type 'Release'
OS: 'Windows 10 Enterprise LTSC 2019; OS build 17763.1339; Version 1809; 64bit' Language: 'ru' Physical Memory: 8061 MB
BatchMode: 1, IsHumanControllingUs: 0, StartBugReporterOnCrash: 0, Is64bit: 1, IsPro: 0

 COMMAND LINE ARGUMENTS:
C:\Program Files\Unity\Hub\Editor\2020.3.4f1\Editor\Unity.exe
-adb2
-batchMode
-noUpm
-name
AssetImportWorker0
-projectPath
D:/UnityProjects/3DRunner_Prototype
-logFile
Logs/AssetImportWorker0.log
-srvPort
52951
Successfully changed project path to: D:/UnityProjects/3DRunner_Prototype
D:/UnityProjects/3DRunner_Prototype
Using Asset Import Pipeline V2.
Refreshing native plugins compatible for Editor in 37.39 ms, found 0 plugins.
Preloading 0 native plugins for Editor in 0.00 ms.
Initialize engine version: 2020.3.4f1 (0abb6314276a)
[Subsystems] Discovering subsystems at path C:/Program Files/Unity/Hub/Editor/2020.3.4f1/Editor/Data/Resources/UnitySubsystems
[Subsystems] Discovering subsystems at path D:/UnityProjects/3DRunner_Prototype/Assets
GfxDevice: creating device client; threaded=0
Direct3D:
    Version:  Direct3D 11.0 [level 11.1]
    Renderer: NVIDIA GeForce GTX 1650 (ID=0x1f99)
    Vendor:   
    VRAM:     3962 MB
    Driver:   27.21.14.6611
Initialize mono
Mono path[0] = 'C:/Program Files/Unity/Hub/Editor/2020.3.4f1/Editor/Data/Managed'
Mono path[1] = 'C:/Program Files/Unity/Hub/Editor/2020.3.4f1/Editor/Data/MonoBleedingEdge/lib/mono/unityjit'
Mono config path = 'C:/Program Files/Unity/Hub/Editor/2020.3.4f1/Editor/Data/MonoBleedingEdge/etc'
Using monoOptions --debugger-agent=transport=dt_socket,embedding=1,server=y,suspend=n,address=127.0.0.1:56004
Begin MonoManager ReloadAssembly
Registering precompiled unity dll's ...
Register platform support module: C:/Program Files/Unity/Hub/Editor/2020.3.4f1/Editor/Data/PlaybackEngines/WebGLSupport/UnityEditor.WebGL.Extensions.dll
Register platform support module: C:/Program Files/Unity/Hub/Editor/2020.3.4f1/Editor/Data/PlaybackEngines/WindowsStandaloneSupport/UnityEditor.WindowsStandalone.Extensions.dll
Registered in 0.001049 seconds.
Native extension for WindowsStandalone target not found
Native extension for WebGL target not found
Refreshing native plugins compatible for Editor in 36.59 ms, found 0 plugins.
Preloading 0 native plugins for Editor in 0.00 ms.
Mono: successfully reloaded assembly
- Completed reload, in  1.767 seconds
Platform modules already initialized, skipping
Registering precompiled user dll's ...
Registered in 0.000640 seconds.
Begin MonoManager ReloadAssembly
Native extension for WindowsStandalone target not found
Native extension for WebGL target not found
Refreshing native plugins compatible for Editor in 0.39 ms, found 0 plugins.
Preloading 0 native plugins for Editor in 0.00 ms.
Mono: successfully reloaded assembly
- Completed reload, in  0.752 seconds
Platform modules already initialized, skipping
========================================================================
Worker process is ready to serve import requests
Launched and connected shader compiler UnityShaderCompiler.exe after 0.03 seconds
Refreshing native plugins compatible for Editor in 0.52 ms, found 0 plugins.
Preloading 0 native plugins for Editor in 0.00 ms.
Unloading 1133 Unused Serialized files (Serialized files now loaded: 0)
System memory in use before: 79.4 MB.
System memory in use after: 79.5 MB.

Unloading 8 unused Assets to reduce memory usage. Loaded Objects now: 1599.
Total: 1.976800 ms (FindLiveObjects: 0.260300 ms CreateObjectMapping: 0.042300 ms MarkObjects: 1.643800 ms  DeleteObjects: 0.028100 ms)

========================================================================
Received Import Request.
  path: Assets/Scripts/EffectsSpawn.cs
  artifactKey: Guid(b5986e8088811f641a0530b550fb193a) Importer(815301076,1909f56bfc062723c751e8b465ee728b)
Start importing Assets/Scripts/EffectsSpawn.cs using Guid(b5986e8088811f641a0530b550fb193a) Importer(815301076,1909f56bfc062723c751e8b465ee728b)  -> (artifact id: '5ef7f1e5967afc09e8c09f02ba0b0584') in 0.020543 seconds
  Import took 0.023318 seconds .

========================================================================
Received Prepare
Registering precompiled user dll's ...
Registered in 0.001061 seconds.
Begin MonoManager ReloadAssembly
Native extension for WindowsStandalone target not found
Native extension for WebGL target not found
Refreshing native plugins compatible for Editor in 0.40 ms, found 0 plugins.
Preloading 0 native plugins for Editor in 0.00 ms.
Mono: successfully reloaded assembly
- Completed reload, in  0.940 seconds
Platform modules already initialized, skipping
Switching build target platform(5) subTarget(0) extendedPlatform(0) -> platform(13) subTarget(537395200) extendedPlatform(0)
Refreshing native plugins compatible for Editor in 0.54 ms, found 0 plugins.
Preloading 0 native plugins for Editor in 0.00 ms.
Unloading 1128 Unused Serialized files (Serialized files now loaded: 0)
System memory in use before: 78.6 MB.
System memory in use after: 78.7 MB.

Unloading 4 unused Assets to reduce memory usage. Loaded Objects now: 1602.
Total: 2.519000 ms (FindLiveObjects: 0.207900 ms CreateObjectMapping: 0.034200 ms MarkObjects: 2.246700 ms  DeleteObjects: 0.028200 ms)

AssetImportParameters requested are different than current active one (requested -> active):
  custom:graphics/normal-map-encoding: 01000000000000000000000000000000 -> 02000000000000000000000000000000
========================================================================
Received Prepare
Registering precompiled user dll's ...
Registered in 0.000592 seconds.
Begin MonoManager ReloadAssembly
Native extension for WindowsStandalone target not found
Native extension for WebGL target not found
Refreshing native plugins compatible for Editor in 0.34 ms, found 0 plugins.
Preloading 0 native plugins for Editor in 0.00 ms.
Mono: successfully reloaded assembly
- Completed reload, in  0.641 seconds
Platform modules already initialized, skipping
Switching build target platform(5) subTarget(0) extendedPlatform(0) -> platform(13) subTarget(537395200) extendedPlatform(0)
Refreshing native plugins compatible for Editor in 0.33 ms, found 0 plugins.
Preloading 0 native plugins for Editor in 0.00 ms.
Unloading 1128 Unused Serialized files (Serialized files now loaded: 0)
System memory in use before: 78.6 MB.
System memory in use after: 78.7 MB.

Unloading 4 unused Assets to reduce memory usage. Loaded Objects now: 1605.
Total: 1.869800 ms (FindLiveObjects: 0.201400 ms CreateObjectMapping: 0.057900 ms MarkObjects: 1.593300 ms  DeleteObjects: 0.015600 ms)

AssetImportParameters requested are different than current active one (requested -> active):
  custom:graphics/normal-map-encoding: 01000000000000000000000000000000 -> 02000000000000000000000000000000
========================================================================
Received Import Request.
  Time since last request: 443.263648 seconds.
  path: Assets/Scripts/EffectsSpawn.cs
  artifactKey: Guid(b5986e8088811f641a0530b550fb193a) Importer(815301076,1909f56bfc062723c751e8b465ee728b)
Start importing Assets/Scripts/EffectsSpawn.cs using Guid(b5986e8088811f641a0530b550fb193a) Importer(815301076,1909f56bfc062723c751e8b465ee728b)  -> (artifact id: 'dbcb8da6ecef20207d43e632ae9a8ef2') in 0.003081 seconds
  Import took 0.005552 seconds .

========================================================================
Received Import Request.
  Time since last request: 1.188739 seconds.
  path: Assets/Prefabs/Gems/Gem.prefab
  artifactKey: Guid(7143e94cc4a586e448a7a54333c8587a) Importer(815301076,1909f56bfc062723c751e8b465ee728b)
Start importing Assets/Prefabs/Gems/Gem.prefab using Guid(7143e94cc4a586e448a7a54333c8587a) Importer(815301076,1909f56bfc062723c751e8b465ee728b)  -> (artifact id: '197bc45bbeaabb61b11501edd1b7b7c1') in 0.097254 seconds
  Import took 0.100024 seconds .

========================================================================
Received Import Request.
  Time since last request: 0.000269 seconds.
  path: Assets/Prefabs/Gems/Gems_6.prefab
  artifactKey: Guid(e4bbce7f312f1574ea760bfb142f1d4b) Importer(815301076,1909f56bfc062723c751e8b465ee728b)
Start importing Assets/Prefabs/Gems/Gems_6.prefab using Guid(e4bbce7f312f1574ea760bfb142f1d4b) Importer(815301076,1909f56bfc062723c751e8b465ee728b)  -> (artifact id: '6911ecd087f22c358d628c2d8b274f65') in 0.049791 seconds
  Import took 0.052375 seconds .

========================================================================
Received Import Request.
  Time since last request: 0.000260 seconds.
  path: Assets/Prefabs/Gems/Gems_12Jump.prefab
  artifactKey: Guid(9776c6f1d0189554eb5c898e76c562c5) Importer(815301076,1909f56bfc062723c751e8b465ee728b)
Start importing Assets/Prefabs/Gems/Gems_12Jump.prefab using Guid(9776c6f1d0189554eb5c898e76c562c5) Importer(815301076,1909f56bfc062723c751e8b465ee728b)  -> (artifact id: '63cab284d90db0dc66770921ff9c20f9') in 0.037585 seconds
  Import took 0.040792 seconds .

========================================================================
Received Import Request.
  Time since last request: 0.000336 seconds.
  path: Assets/Prefabs/Gems/Gems_3.prefab
  artifactKey: Guid(348e6133c36868c479c5d2d196cbfcb9) Importer(815301076,1909f56bfc062723c751e8b465ee728b)
Start importing Assets/Prefabs/Gems/Gems_3.prefab using Guid(348e6133c36868c479c5d2d196cbfcb9) Importer(815301076,1909f56bfc062723c751e8b465ee728b)  -> (artifact id: '49975c3ac79f8e0df172d956b8f76640') in 0.036819 seconds
  Import took 0.039544 seconds .

========================================================================
Received Import Request.
  Time since last request: 0.000506 seconds.
  path: Assets/Prefabs/Gems/Gems_3.prefab
  artifactKey: Guid(348e6133c36868c479c5d2d196cbfcb9) Importer(815301076,1909f56bfc062723c751e8b465ee728b)
Start importing Assets/Prefabs/Gems/Gems_3.prefab using Guid(348e6133c36868c479c5d2d196cbfcb9) Importer(815301076,1909f56bfc062723c751e8b465ee728b)  -> (artifact id: '49975c3ac79f8e0df172d956b8f76640') in 0.035249 seconds
  Import took 0.037811 seconds .

========================================================================
Received Import Request.
  Time since last request: 5.155498 seconds.
  path: Assets/Prefabs/Gems/Gem.prefab
  artifactKey: Guid(7143e94cc4a586e448a7a54333c8587a) Importer(815301076,1909f56bfc062723c751e8b465ee728b)
Start importing Assets/Prefabs/Gems/Gem.prefab using Guid(7143e94cc4a586e448a7a54333c8587a) Importer(815301076,1909f56bfc062723c751e8b465ee728b)  -> (artifact id: '89f8f65b34d24829cc5cc0375316ab94') in 0.027564 seconds
  Import took 0.030561 seconds .

========================================================================
Received Import Request.
  Time since last request: 0.000200 seconds.
  path: Assets/Prefabs/Gems/Gems_6.prefab
  artifactKey: Guid(e4bbce7f312f1574ea760bfb142f1d4b) Importer(815301076,1909f56bfc062723c751e8b465ee728b)
Start importing Assets/Prefabs/Gems/Gems_6.prefab using Guid(e4bbce7f312f1574ea760bfb142f1d4b) Importer(815301076,1909f56bfc062723c751e8b465ee728b)  -> (artifact id: '88b35f5ff2ff82e4f6b197c6aa0b3daa') in 0.039062 seconds
  Import took 0.041644 seconds .

========================================================================
Received Import Request.
  Time since last request: 0.000229 seconds.
  path: Assets/Prefabs/Gems/Gems_12Jump.prefab
  artifactKey: Guid(9776c6f1d0189554eb5c898e76c562c5) Importer(815301076,1909f56bfc062723c751e8b465ee728b)
Start importing Assets/Prefabs/Gems/Gems_12Jump.prefab using Guid(9776c6f1d0189554eb5c898e76c562c5) Importer(815301076,1909f56bfc062723c751e8b465ee728b)  -> (artifact id: '266b7f321e9809713981c04b82d29f8a') in 0.039962 seconds
  Import took 0.042629 seconds .

========================================================================
Received Import Request.
  Time since last request: 0.000267 seconds.
  path: Assets/Prefabs/Gems/Gems_3.prefab
  artifactKey: Guid(348e6133c36868c479c5d2d196cbfcb9) Importer(815301076,1909f56bfc062723c751e8b465ee728b)
Start importing Assets/Prefabs/Gems/Gems_3.prefab using Guid(348e6133c36868c479c5d2d196cbfcb9) Importer(815301076,1909f56bfc062723c751e8b465ee728b)  -> (artifact id: '920a4707761c9adf0acf2b668002eb14') in 0.038058 seconds
  Import took 0.041337 seconds .

========================================================================
Received Import Request.
  Time since last request: 2.249648 seconds.
  path: Assets/Prefabs/Gems/Gem.prefab
  artifactKey: Guid(7143e94cc4a586e448a7a54333c8587a) Importer(815301076,1909f56bfc062723c751e8b465ee728b)
Start importing Assets/Prefabs/Gems/Gem.prefab using Guid(7143e94cc4a586e448a7a54333c8587a) Importer(815301076,1909f56bfc062723c751e8b465ee728b)  -> (artifact id: 'b6af151601d3b354df23a8433c28cd09') in 0.023483 seconds
  Import took 0.026258 seconds .

========================================================================
Received Import Request.
  Time since last request: 0.000232 seconds.
  path: Assets/Prefabs/Gems/Gems_6.prefab
  artifactKey: Guid(e4bbce7f312f1574ea760bfb142f1d4b) Importer(815301076,1909f56bfc062723c751e8b465ee728b)
Start importing Assets/Prefabs/Gems/Gems_6.prefab using Guid(e4bbce7f312f1574ea760bfb142f1d4b) Importer(815301076,1909f56bfc062723c751e8b465ee728b)  -> (artifact id: 'e61788e3677034bbb9840e270e58c88d') in 0.027667 seconds
  Import took 0.030303 seconds .

========================================================================
Received Import Request.
  Time since last request: 0.000204 seconds.
  path: Assets/Prefabs/Gems/Gems_12Jump.prefab
  artifactKey: Guid(9776c6f1d0189554eb5c898e76c562c5) Importer(815301076,1909f56bfc062723c751e8b465ee728b)
Start importing Assets/Prefabs/Gems/Gems_12Jump.prefab using Guid(9776c6f1d0189554eb5c898e76c562c5) Importer(815301076,1909f56bfc062723c751e8b465ee728b)  -> (artifact id: '40e277b017e2c0f43a20b966f0d7656f') in 0.036012 seconds
  Import took 0.038332 seconds .

========================================================================
Received Import Request.
  Time since last request: 0.000239 seconds.
  path: Assets/Prefabs/Gems/Gems_3.prefab
  artifactKey: Guid(348e6133c36868c479c5d2d196cbfcb9) Importer(815301076,1909f56bfc062723c751e8b465ee728b)
Start importing Assets/Prefabs/Gems/Gems_3.prefab using Guid(348e6133c36868c479c5d2d196cbfcb9) Importer(815301076,1909f56bfc062723c751e8b465ee728b)  -> (artifact id: 'ad82a3f233f086b44450de793e8a3ce5') in 0.023939 seconds
  Import took 0.026526 seconds .

========================================================================
Received Import Request.
  Time since last request: 0.002954 seconds.
  path: Assets/Prefabs/Gems/Gems_3.prefab
  artifactKey: Guid(348e6133c36868c479c5d2d196cbfcb9) Importer(815301076,1909f56bfc062723c751e8b465ee728b)
Start importing Assets/Prefabs/Gems/Gems_3.prefab using Guid(348e6133c36868c479c5d2d196cbfcb9) Importer(815301076,1909f56bfc062723c751e8b465ee728b)  -> (artifact id: 'ad82a3f233f086b44450de793e8a3ce5') in 0.028893 seconds
  Import took 0.031264 seconds .

========================================================================
Received Prepare
Registering precompiled user dll's ...
Registered in 0.000516 seconds.
Begin MonoManager ReloadAssembly
Native extension for WindowsStandalone target not found
Native extension for WebGL target not found
Refreshing native plugins compatible for Editor in 0.35 ms, found 0 plugins.
Preloading 0 native plugins for Editor in 0.00 ms.
Mono: successfully reloaded assembly
- Completed reload, in  0.652 seconds
Platform modules already initialized, skipping
Switching build target platform(5) subTarget(0) extendedPlatform(0) -> platform(13) subTarget(537395200) extendedPlatform(0)
Refreshing native plugins compatible for Editor in 0.34 ms, found 0 plugins.
Preloading 0 native plugins for Editor in 0.00 ms.
Unloading 1128 Unused Serialized files (Serialized files now loaded: 0)
System memory in use before: 81.8 MB.
System memory in use after: 81.9 MB.

Unloading 4 unused Assets to reduce memory usage. Loaded Objects now: 1615.
Total: 2.373200 ms (FindLiveObjects: 0.264300 ms CreateObjectMapping: 0.056400 ms MarkObjects: 2.036600 ms  DeleteObjects: 0.013700 ms)

AssetImportParameters requested are different than current active one (requested -> active):
  custom:graphics/normal-map-encoding: 01000000000000000000000000000000 -> 02000000000000000000000000000000
========================================================================
Received Import Request.
  Time since last request: 55.936269 seconds.
  path: Assets/Prefabs/Gems/Gems_6.prefab
  artifactKey: Guid(e4bbce7f312f1574ea760bfb142f1d4b) Importer(815301076,1909f56bfc062723c751e8b465ee728b)
Start importing Assets/Prefabs/Gems/Gems_6.prefab using Guid(e4bbce7f312f1574ea760bfb142f1d4b) Importer(815301076,1909f56bfc062723c751e8b465ee728b)  -> (artifact id: '5c1d6f64bf969b41a982cefccc5513d1') in 0.061017 seconds
  Import took 0.063908 seconds .

========================================================================
Received Import Request.
  Time since last request: 0.000219 seconds.
  path: Assets/Prefabs/Gems/Gems_12Jump.prefab
  artifactKey: Guid(9776c6f1d0189554eb5c898e76c562c5) Importer(815301076,1909f56bfc062723c751e8b465ee728b)
Start importing Assets/Prefabs/Gems/Gems_12Jump.prefab using Guid(9776c6f1d0189554eb5c898e76c562c5) Importer(815301076,1909f56bfc062723c751e8b465ee728b)  -> (artifact id: 'b272f01fdafcb031ed5f2b0aa488b7f9') in 0.045145 seconds
  Import took 0.047667 seconds .

========================================================================
Received Import Request.
  Time since last request: 0.000470 seconds.
  path: Assets/Prefabs/Gems/Gems_3.prefab
  artifactKey: Guid(348e6133c36868c479c5d2d196cbfcb9) Importer(815301076,1909f56bfc062723c751e8b465ee728b)
Start importing Assets/Prefabs/Gems/Gems_3.prefab using Guid(348e6133c36868c479c5d2d196cbfcb9) Importer(815301076,1909f56bfc062723c751e8b465ee728b)  -> (artifact id: '59acd2229f70df42a096605d231a2687') in 0.034348 seconds
  Import took 0.036758 seconds .

========================================================================
Received Import Request.
  Time since last request: 0.000205 seconds.
  path: Assets/Prefabs/Gems/Gem.prefab
  artifactKey: Guid(7143e94cc4a586e448a7a54333c8587a) Importer(815301076,1909f56bfc062723c751e8b465ee728b)
Start importing Assets/Prefabs/Gems/Gem.prefab using Guid(7143e94cc4a586e448a7a54333c8587a) Importer(815301076,1909f56bfc062723c751e8b465ee728b)  -> (artifact id: '38fa7ce13938b86e5a4ddad6bcc42085') in 0.041158 seconds
  Import took 0.043565 seconds .

========================================================================
Received Import Request.
  Time since last request: 37.488963 seconds.
  path: Assets/Scripts/Obstacle.cs
  artifactKey: Guid(dced96ebad4b5cf4fa5d650d5a1489cf) Importer(815301076,1909f56bfc062723c751e8b465ee728b)
Start importing Assets/Scripts/Obstacle.cs using Guid(dced96ebad4b5cf4fa5d650d5a1489cf) Importer(815301076,1909f56bfc062723c751e8b465ee728b)  -> (artifact id: '9d322824ef0a7550e395a815683b211f') in 0.001217 seconds
  Import took 0.004053 seconds .

========================================================================
Received Prepare
Registering precompiled user dll's ...
Registered in 0.000588 seconds.
Begin MonoManager ReloadAssembly
Native extension for WindowsStandalone target not found
Native extension for WebGL target not found
Refreshing native plugins compatible for Editor in 0.48 ms, found 0 plugins.
Preloading 0 native plugins for Editor in 0.00 ms.
Mono: successfully reloaded assembly
- Completed reload, in  0.717 seconds
Platform modules already initialized, skipping
Switching build target platform(5) subTarget(0) extendedPlatform(0) -> platform(13) subTarget(537395200) extendedPlatform(0)
Refreshing native plugins compatible for Editor in 0.38 ms, found 0 plugins.
Preloading 0 native plugins for Editor in 0.00 ms.
Unloading 1129 Unused Serialized files (Serialized files now loaded: 0)
System memory in use before: 81.8 MB.
System memory in use after: 81.9 MB.

Unloading 4 unused Assets to reduce memory usage. Loaded Objects now: 1620.
Total: 2.207500 ms (FindLiveObjects: 0.249400 ms CreateObjectMapping: 0.070400 ms MarkObjects: 1.863000 ms  DeleteObjects: 0.022500 ms)

AssetImportParameters requested are different than current active one (requested -> active):
  custom:graphics/normal-map-encoding: 01000000000000000000000000000000 -> 02000000000000000000000000000000
========================================================================
Received Prepare
Registering precompiled user dll's ...
Registered in 0.000623 seconds.
Begin MonoManager ReloadAssembly
Native extension for WindowsStandalone target not found
Native extension for WebGL target not found
Refreshing native plugins compatible for Editor in 0.39 ms, found 0 plugins.
Preloading 0 native plugins for Editor in 0.00 ms.
Mono: successfully reloaded assembly
- Completed reload, in  0.665 seconds
Platform modules already initialized, skipping
Switching build target platform(5) subTarget(0) extendedPlatform(0) -> platform(13) subTarget(537395200) extendedPlatform(0)
Refreshing native plugins compatible for Editor in 0.34 ms, found 0 plugins.
Preloading 0 native plugins for Editor in 0.00 ms.
Unloading 1129 Unused Serialized files (Serialized files now loaded: 0)
System memory in use before: 81.8 MB.
System memory in use after: 81.9 MB.

Unloading 4 unused Assets to reduce memory usage. Loaded Objects now: 1623.
Total: 1.968800 ms (FindLiveObjects: 0.178700 ms CreateObjectMapping: 0.030400 ms MarkObjects: 1.743100 ms  DeleteObjects: 0.015500 ms)

AssetImportParameters requested are different than current active one (requested -> active):
  custom:graphics/normal-map-encoding: 01000000000000000000000000000000 -> 02000000000000000000000000000000
========================================================================
Received Import Request.
  Time since last request: 33.628163 seconds.
  path: Assets/Prefabs/Level 2/L2 3.prefab
  artifactKey: Guid(157538d262795ce4893a490982efca69) Importer(815301076,1909f56bfc062723c751e8b465ee728b)
Start importing Assets/Prefabs/Level 2/L2 3.prefab using Guid(157538d262795ce4893a490982efca69) Importer(815301076,1909f56bfc062723c751e8b465ee728b)  -> (artifact id: '226b68fa31755f471119ac4e9b709431') in 0.068947 seconds
  Import took 0.071967 seconds .

========================================================================
Received Import Request.
  Time since last request: 0.000281 seconds.
  path: Assets/Prefabs/Level 2/L2 2.prefab
  artifactKey: Guid(f75acea97033c514a9e8fa0d921d8ef9) Importer(815301076,1909f56bfc062723c751e8b465ee728b)
Start importing Assets/Prefabs/Level 2/L2 2.prefab using Guid(f75acea97033c514a9e8fa0d921d8ef9) Importer(815301076,1909f56bfc062723c751e8b465ee728b)  -> (artifact id: 'f9047c392bc1674874fbd95051a71a88') in 0.032300 seconds
  Import took 0.034995 seconds .

========================================================================
Received Import Request.
  Time since last request: 0.000268 seconds.
  path: Assets/Prefabs/Level 2/L2 1.prefab
  artifactKey: Guid(bfd725608298d324daf15db895293950) Importer(815301076,1909f56bfc062723c751e8b465ee728b)
Start importing Assets/Prefabs/Level 2/L2 1.prefab using Guid(bfd725608298d324daf15db895293950) Importer(815301076,1909f56bfc062723c751e8b465ee728b)  -> (artifact id: '0068ff5f81d355ae6bf5f9bac7ff8b76') in 0.032096 seconds
  Import took 0.035398 seconds .

========================================================================
Received Import Request.
  Time since last request: 0.000250 seconds.
  path: Assets/Prefabs/Level 1/L1 5.prefab
  artifactKey: Guid(05a33808692c83a478654f9cd8a6ca99) Importer(815301076,1909f56bfc062723c751e8b465ee728b)
Start importing Assets/Prefabs/Level 1/L1 5.prefab using Guid(05a33808692c83a478654f9cd8a6ca99) Importer(815301076,1909f56bfc062723c751e8b465ee728b)  -> (artifact id: 'd02945e5657d6c5510b8fed06eb33dcd') in 0.052150 seconds
  Import took 0.054718 seconds .

========================================================================
Received Import Request.
  Time since last request: 0.000238 seconds.
  path: Assets/Prefabs/Level 1/L1 4.prefab
  artifactKey: Guid(8f28aa877fb95744abbc2318aafa147a) Importer(815301076,1909f56bfc062723c751e8b465ee728b)
Start importing Assets/Prefabs/Level 1/L1 4.prefab using Guid(8f28aa877fb95744abbc2318aafa147a) Importer(815301076,1909f56bfc062723c751e8b465ee728b)  -> (artifact id: '545fb172fbb4cd75eebfb316f367789f') in 0.043357 seconds
  Import took 0.046277 seconds .

========================================================================
Received Import Request.
  Time since last request: 0.000529 seconds.
  path: Assets/Prefabs/Level 1/L1 3.prefab
  artifactKey: Guid(185ca506c27d1784a8465cf1dc4b7c01) Importer(815301076,1909f56bfc062723c751e8b465ee728b)
Start importing Assets/Prefabs/Level 1/L1 3.prefab using Guid(185ca506c27d1784a8465cf1dc4b7c01) Importer(815301076,1909f56bfc062723c751e8b465ee728b)  -> (artifact id: '52aedb493bf90f959c59e28e274dcf68') in 0.046532 seconds
  Import took 0.049219 seconds .

========================================================================
Received Import Request.
  Time since last request: 0.000304 seconds.
  path: Assets/Prefabs/Level 1/L1 2.prefab
  artifactKey: Guid(52d006ca6967f784c9611f19e619ba84) Importer(815301076,1909f56bfc062723c751e8b465ee728b)
Start importing Assets/Prefabs/Level 1/L1 2.prefab using Guid(52d006ca6967f784c9611f19e619ba84) Importer(815301076,1909f56bfc062723c751e8b465ee728b)  -> (artifact id: '3f8fa0a79d57c4ffea2da4a5ab2e0d5f') in 0.043165 seconds
  Import took 0.045839 seconds .

========================================================================
Received Import Request.
  Time since last request: 0.000291 seconds.
  path: Assets/Prefabs/Level 2/L2_EmptyBlock.prefab
  artifactKey: Guid(0c50d610a8693814e904db0fe1ab8069) Importer(815301076,1909f56bfc062723c751e8b465ee728b)
Start importing Assets/Prefabs/Level 2/L2_EmptyBlock.prefab using Guid(0c50d610a8693814e904db0fe1ab8069) Importer(815301076,1909f56bfc062723c751e8b465ee728b)  -> (artifact id: '44bc1d9c9a4b293fcce244d89d970070') in 0.030252 seconds
  Import took 0.033926 seconds .

========================================================================
Received Import Request.
  Time since last request: 0.000206 seconds.
  path: Assets/Prefabs/Level 1/L1 1.prefab
  artifactKey: Guid(65c7d43ce284b55459e43fe914be6fa8) Importer(815301076,1909f56bfc062723c751e8b465ee728b)
Start importing Assets/Prefabs/Level 1/L1 1.prefab using Guid(65c7d43ce284b55459e43fe914be6fa8) Importer(815301076,1909f56bfc062723c751e8b465ee728b)  -> (artifact id: 'c86a5517e40d28e11e0d856486f76ec2') in 0.044101 seconds
  Import took 0.046962 seconds .

========================================================================
Received Import Request.
  Time since last request: 0.000298 seconds.
  path: Assets/Scripts/Obstacle.cs
  artifactKey: Guid(dced96ebad4b5cf4fa5d650d5a1489cf) Importer(815301076,1909f56bfc062723c751e8b465ee728b)
Start importing Assets/Scripts/Obstacle.cs using Guid(dced96ebad4b5cf4fa5d650d5a1489cf) Importer(815301076,1909f56bfc062723c751e8b465ee728b)  -> (artifact id: '4fe1d74637251213523c211cd2b6bc33') in 0.001166 seconds
  Import took 0.003600 seconds .

========================================================================
Received Import Request.
  Time since last request: 0.000204 seconds.
  path: Assets/Prefabs/Level 1/L1 1.prefab
  artifactKey: Guid(65c7d43ce284b55459e43fe914be6fa8) Importer(815301076,1909f56bfc062723c751e8b465ee728b)
Start importing Assets/Prefabs/Level 1/L1 1.prefab using Guid(65c7d43ce284b55459e43fe914be6fa8) Importer(815301076,1909f56bfc062723c751e8b465ee728b)  -> (artifact id: 'c86a5517e40d28e11e0d856486f76ec2') in 0.043486 seconds
  Import took 0.045969 seconds .

========================================================================
Received Import Request.
  Time since last request: 0.000236 seconds.
  path: Assets/Prefabs/Level 2/L2 4.prefab
  artifactKey: Guid(6f5ea723be677b14e920aa93d88704b6) Importer(815301076,1909f56bfc062723c751e8b465ee728b)
Start importing Assets/Prefabs/Level 2/L2 4.prefab using Guid(6f5ea723be677b14e920aa93d88704b6) Importer(815301076,1909f56bfc062723c751e8b465ee728b)  -> (artifact id: 'ee9a2b7ec17a2cca42b8c6b7bb1d8c52') in 0.032527 seconds
  Import took 0.035575 seconds .

========================================================================
Received Import Request.
  Time since last request: 0.000209 seconds.
  path: Assets/Prefabs/Level 1/L1_EmptyBlock.prefab
  artifactKey: Guid(b265e155338d65a4a8bf3e262087fb5b) Importer(815301076,1909f56bfc062723c751e8b465ee728b)
Start importing Assets/Prefabs/Level 1/L1_EmptyBlock.prefab using Guid(b265e155338d65a4a8bf3e262087fb5b) Importer(815301076,1909f56bfc062723c751e8b465ee728b)  -> (artifact id: '402050c2363ddc135548de4d6766249b') in 0.040641 seconds
  Import took 0.043724 seconds .

========================================================================
Received Import Request.
  Time since last request: 11.994364 seconds.
  path: Assets/Prefabs/Level 1/L1 1.prefab
  artifactKey: Guid(65c7d43ce284b55459e43fe914be6fa8) Importer(815301076,1909f56bfc062723c751e8b465ee728b)
Start importing Assets/Prefabs/Level 1/L1 1.prefab using Guid(65c7d43ce284b55459e43fe914be6fa8) Importer(815301076,1909f56bfc062723c751e8b465ee728b)  -> (artifact id: '230d2b230ed90ac54996af4e237ac131') in 0.046461 seconds
  Import took 0.049114 seconds .

========================================================================
Received Import Request.
  Time since last request: 0.000312 seconds.
  path: Assets/Prefabs/Level 1/L1 5.prefab
  artifactKey: Guid(05a33808692c83a478654f9cd8a6ca99) Importer(815301076,1909f56bfc062723c751e8b465ee728b)
Start importing Assets/Prefabs/Level 1/L1 5.prefab using Guid(05a33808692c83a478654f9cd8a6ca99) Importer(815301076,1909f56bfc062723c751e8b465ee728b)  -> (artifact id: 'cffc6b6790f5e48c084efc51c81ff78e') in 0.042792 seconds
  Import took 0.045588 seconds .

========================================================================
Received Import Request.
  Time since last request: 0.000218 seconds.
  path: Assets/Prefabs/Level 1/L1 4.prefab
  artifactKey: Guid(8f28aa877fb95744abbc2318aafa147a) Importer(815301076,1909f56bfc062723c751e8b465ee728b)
Start importing Assets/Prefabs/Level 1/L1 4.prefab using Guid(8f28aa877fb95744abbc2318aafa147a) Importer(815301076,1909f56bfc062723c751e8b465ee728b)  -> (artifact id: '75768dad860940ead2888d4f5bac7e69') in 0.054986 seconds
  Import took 0.057591 seconds .

========================================================================
Received Import Request.
  Time since last request: 0.000228 seconds.
  path: Assets/Prefabs/Level 1/log_1.prefab
  artifactKey: Guid(7f91d959ffc523843bbb6b24c64be50e) Importer(815301076,1909f56bfc062723c751e8b465ee728b)
Start importing Assets/Prefabs/Level 1/log_1.prefab using Guid(7f91d959ffc523843bbb6b24c64be50e) Importer(815301076,1909f56bfc062723c751e8b465ee728b)  -> (artifact id: 'c9a0c741735b4a332497c0d264d58c30') in 0.031810 seconds
  Import took 0.034641 seconds .

========================================================================
Received Import Request.
  Time since last request: 0.000242 seconds.
  path: Assets/Prefabs/Level 1/rock_24.prefab
  artifactKey: Guid(2afb0e360d1cb8e4ca7e32e8238bbfaa) Importer(815301076,1909f56bfc062723c751e8b465ee728b)
Start importing Assets/Prefabs/Level 1/rock_24.prefab using Guid(2afb0e360d1cb8e4ca7e32e8238bbfaa) Importer(815301076,1909f56bfc062723c751e8b465ee728b)  -> (artifact id: '025100d8a5b3509a0de9a1c8116139e8') in 0.034777 seconds
  Import took 0.037382 seconds .

========================================================================
Received Import Request.
  Time since last request: 0.000259 seconds.
  path: Assets/Prefabs/Level 1/L1 3.prefab
  artifactKey: Guid(185ca506c27d1784a8465cf1dc4b7c01) Importer(815301076,1909f56bfc062723c751e8b465ee728b)
Start importing Assets/Prefabs/Level 1/L1 3.prefab using Guid(185ca506c27d1784a8465cf1dc4b7c01) Importer(815301076,1909f56bfc062723c751e8b465ee728b)  -> (artifact id: '7054d79f93d3e4fbba785efee1c467a5') in 0.035314 seconds
  Import took 0.038760 seconds .

========================================================================
Received Import Request.
  Time since last request: 0.000244 seconds.
  path: Assets/Prefabs/Level 1/log_3.prefab
  artifactKey: Guid(88a6c6362debb284a94c020314277e9d) Importer(815301076,1909f56bfc062723c751e8b465ee728b)
Start importing Assets/Prefabs/Level 1/log_3.prefab using Guid(88a6c6362debb284a94c020314277e9d) Importer(815301076,1909f56bfc062723c751e8b465ee728b)  -> (artifact id: 'dde8f3e81ff158dfd4dc0c3912b9528e') in 0.007134 seconds
  Import took 0.009420 seconds .

========================================================================
Received Import Request.
  Time since last request: 0.000211 seconds.
  path: Assets/Prefabs/Level 1/L1 2.prefab
  artifactKey: Guid(52d006ca6967f784c9611f19e619ba84) Importer(815301076,1909f56bfc062723c751e8b465ee728b)
Start importing Assets/Prefabs/Level 1/L1 2.prefab using Guid(52d006ca6967f784c9611f19e619ba84) Importer(815301076,1909f56bfc062723c751e8b465ee728b)  -> (artifact id: '241910fb68594bf8437b0be2d2ef7322') in 0.034391 seconds
  Import took 0.037434 seconds .

========================================================================
Received Import Request.
  Time since last request: 17.763784 seconds.
  path: Assets/Prefabs/Level 1/L1 1.prefab
  artifactKey: Guid(65c7d43ce284b55459e43fe914be6fa8) Importer(815301076,1909f56bfc062723c751e8b465ee728b)
Start importing Assets/Prefabs/Level 1/L1 1.prefab using Guid(65c7d43ce284b55459e43fe914be6fa8) Importer(815301076,1909f56bfc062723c751e8b465ee728b)  -> (artifact id: '873cbb3e225ba5c32ea435f3a1c1f25d') in 0.057128 seconds
  Import took 0.059950 seconds .

========================================================================
Received Import Request.
  Time since last request: 0.000258 seconds.
  path: Assets/Prefabs/Level 1/log_1.prefab
  artifactKey: Guid(7f91d959ffc523843bbb6b24c64be50e) Importer(815301076,1909f56bfc062723c751e8b465ee728b)
Start importing Assets/Prefabs/Level 1/log_1.prefab using Guid(7f91d959ffc523843bbb6b24c64be50e) Importer(815301076,1909f56bfc062723c751e8b465ee728b)  -> (artifact id: '64f0a71898c39fbd1b6377b6954caa81') in 0.012531 seconds
  Import took 0.014689 seconds .

========================================================================
Received Import Request.
  Time since last request: 0.000209 seconds.
  path: Assets/Prefabs/Level 1/L1 2.prefab
  artifactKey: Guid(52d006ca6967f784c9611f19e619ba84) Importer(815301076,1909f56bfc062723c751e8b465ee728b)
Start importing Assets/Prefabs/Level 1/L1 2.prefab using Guid(52d006ca6967f784c9611f19e619ba84) Importer(815301076,1909f56bfc062723c751e8b465ee728b)  -> (artifact id: '532e10e5245c6f524e9ee76c47853cd2') in 0.034194 seconds
  Import took 0.036954 seconds .

========================================================================
Received Import Request.
  Time since last request: 0.000194 seconds.
  path: Assets/Prefabs/Level 1/L1 1.prefab
  artifactKey: Guid(65c7d43ce284b55459e43fe914be6fa8) Importer(815301076,1909f56bfc062723c751e8b465ee728b)
Start importing Assets/Prefabs/Level 1/L1 1.prefab using Guid(65c7d43ce284b55459e43fe914be6fa8) Importer(815301076,1909f56bfc062723c751e8b465ee728b)  -> (artifact id: '873cbb3e225ba5c32ea435f3a1c1f25d') in 0.034917 seconds
  Import took 0.037607 seconds .

========================================================================
Received Import Request.
  Time since last request: 2.151810 seconds.
  path: Assets/Prefabs/Level 1/L1 3.prefab
  artifactKey: Guid(185ca506c27d1784a8465cf1dc4b7c01) Importer(815301076,1909f56bfc062723c751e8b465ee728b)
Start importing Assets/Prefabs/Level 1/L1 3.prefab using Guid(185ca506c27d1784a8465cf1dc4b7c01) Importer(815301076,1909f56bfc062723c751e8b465ee728b)  -> (artifact id: 'bf7b9566cc24792a75daa2184c3183cf') in 0.035603 seconds
  Import took 0.038944 seconds .

========================================================================
Received Import Request.
  Time since last request: 0.000274 seconds.
  path: Assets/Prefabs/Level 1/log_3.prefab
  artifactKey: Guid(88a6c6362debb284a94c020314277e9d) Importer(815301076,1909f56bfc062723c751e8b465ee728b)
Start importing Assets/Prefabs/Level 1/log_3.prefab using Guid(88a6c6362debb284a94c020314277e9d) Importer(815301076,1909f56bfc062723c751e8b465ee728b)  -> (artifact id: '494c2c61a06fc0f6c300592bb150c275') in 0.007929 seconds
  Import took 0.010487 seconds .

========================================================================
Received Import Request.
  Time since last request: 1.777065 seconds.
  path: Assets/Prefabs/Level 1/L1 4.prefab
  artifactKey: Guid(8f28aa877fb95744abbc2318aafa147a) Importer(815301076,1909f56bfc062723c751e8b465ee728b)
Start importing Assets/Prefabs/Level 1/L1 4.prefab using Guid(8f28aa877fb95744abbc2318aafa147a) Importer(815301076,1909f56bfc062723c751e8b465ee728b)  -> (artifact id: '158d7a53eed2383b3e0dac632d5c8d1a') in 0.044156 seconds
  Import took 0.047052 seconds .

========================================================================
Received Import Request.
  Time since last request: 0.000237 seconds.
  path: Assets/Prefabs/Level 1/L1 5.prefab
  artifactKey: Guid(05a33808692c83a478654f9cd8a6ca99) Importer(815301076,1909f56bfc062723c751e8b465ee728b)
Start importing Assets/Prefabs/Level 1/L1 5.prefab using Guid(05a33808692c83a478654f9cd8a6ca99) Importer(815301076,1909f56bfc062723c751e8b465ee728b)  -> (artifact id: 'a9df0a161d4b6f51b08e66fd5453b512') in 0.041420 seconds
  Import took 0.044592 seconds .

========================================================================
Received Import Request.
  Time since last request: 0.000267 seconds.
  path: Assets/Prefabs/Level 1/rock_24.prefab
  artifactKey: Guid(2afb0e360d1cb8e4ca7e32e8238bbfaa) Importer(815301076,1909f56bfc062723c751e8b465ee728b)
Start importing Assets/Prefabs/Level 1/rock_24.prefab using Guid(2afb0e360d1cb8e4ca7e32e8238bbfaa) Importer(815301076,1909f56bfc062723c751e8b465ee728b)  -> (artifact id: 'f86860aada2980168f8e38c89bae4f1b') in 0.008440 seconds
  Import took 0.010743 seconds .

========================================================================
Received Prepare
Registering precompiled user dll's ...
Registered in 0.001018 seconds.
Begin MonoManager ReloadAssembly
Native extension for WindowsStandalone target not found
Native extension for WebGL target not found
Refreshing native plugins compatible for Editor in 0.37 ms, found 0 plugins.
Preloading 0 native plugins for Editor in 0.00 ms.
Mono: successfully reloaded assembly
- Completed reload, in  0.660 seconds
Platform modules already initialized, skipping
Switching build target platform(5) subTarget(0) extendedPlatform(0) -> platform(13) subTarget(537395200) extendedPlatform(0)
Refreshing native plugins compatible for Editor in 0.34 ms, found 0 plugins.
Preloading 0 native plugins for Editor in 0.00 ms.
Unloading 1129 Unused Serialized files (Serialized files now loaded: 0)
System memory in use before: 82.8 MB.
System memory in use after: 82.9 MB.

Unloading 4 unused Assets to reduce memory usage. Loaded Objects now: 1627.
Total: 2.189300 ms (FindLiveObjects: 0.237000 ms CreateObjectMapping: 0.068600 ms MarkObjects: 1.867300 ms  DeleteObjects: 0.014800 ms)

AssetImportParameters requested are different than current active one (requested -> active):
  custom:graphics/normal-map-encoding: 01000000000000000000000000000000 -> 02000000000000000000000000000000
========================================================================
Received Import Request.
  Time since last request: 91.403240 seconds.
  path: Assets/Prefabs/Level 2/cliff_3.prefab
  artifactKey: Guid(6a2fd5f0c9132564cb85707e29c50f27) Importer(815301076,1909f56bfc062723c751e8b465ee728b)
Start importing Assets/Prefabs/Level 2/cliff_3.prefab using Guid(6a2fd5f0c9132564cb85707e29c50f27) Importer(815301076,1909f56bfc062723c751e8b465ee728b)  -> (artifact id: 'ebb970fefab696f4c0d0e76e4d5a6bd5') in 0.057327 seconds
  Import took 0.059957 seconds .

========================================================================
Received Import Request.
  Time since last request: 0.000223 seconds.
  path: Assets/Prefabs/Level 2/L2 3.prefab
  artifactKey: Guid(157538d262795ce4893a490982efca69) Importer(815301076,1909f56bfc062723c751e8b465ee728b)
Start importing Assets/Prefabs/Level 2/L2 3.prefab using Guid(157538d262795ce4893a490982efca69) Importer(815301076,1909f56bfc062723c751e8b465ee728b)  -> (artifact id: '037b289db88f9ac84cac6d4c7182e66a') in 0.035855 seconds
  Import took 0.038386 seconds .

========================================================================
Received Import Request.
  Time since last request: 0.000198 seconds.
  path: Assets/Prefabs/Level 2/L2 4.prefab
  artifactKey: Guid(6f5ea723be677b14e920aa93d88704b6) Importer(815301076,1909f56bfc062723c751e8b465ee728b)
Start importing Assets/Prefabs/Level 2/L2 4.prefab using Guid(6f5ea723be677b14e920aa93d88704b6) Importer(815301076,1909f56bfc062723c751e8b465ee728b)  -> (artifact id: '9ee61c5051df18e707c33066cae8b828') in 0.042580 seconds
  Import took 0.046120 seconds .

========================================================================
Received Import Request.
  Time since last request: 3.107528 seconds.
  path: Assets/Prefabs/Level 2/cliff_3.prefab
  artifactKey: Guid(6a2fd5f0c9132564cb85707e29c50f27) Importer(815301076,1909f56bfc062723c751e8b465ee728b)
Start importing Assets/Prefabs/Level 2/cliff_3.prefab using Guid(6a2fd5f0c9132564cb85707e29c50f27) Importer(815301076,1909f56bfc062723c751e8b465ee728b)  -> (artifact id: 'c45b5dffde8b806c3a1f275f55862003') in 0.016067 seconds
  Import took 0.019414 seconds .

========================================================================
Received Import Request.
  Time since last request: 0.000217 seconds.
  path: Assets/Prefabs/Level 2/L2 3.prefab
  artifactKey: Guid(157538d262795ce4893a490982efca69) Importer(815301076,1909f56bfc062723c751e8b465ee728b)
Start importing Assets/Prefabs/Level 2/L2 3.prefab using Guid(157538d262795ce4893a490982efca69) Importer(815301076,1909f56bfc062723c751e8b465ee728b)  -> (artifact id: 'edd33e84ea68a13c8cb5b348a1f66194') in 0.033490 seconds
  Import took 0.036595 seconds .

========================================================================
Received Import Request.
  Time since last request: 0.000213 seconds.
  path: Assets/Prefabs/Level 2/L2 4.prefab
  artifactKey: Guid(6f5ea723be677b14e920aa93d88704b6) Importer(815301076,1909f56bfc062723c751e8b465ee728b)
Start importing Assets/Prefabs/Level 2/L2 4.prefab using Guid(6f5ea723be677b14e920aa93d88704b6) Importer(815301076,1909f56bfc062723c751e8b465ee728b)  -> (artifact id: '6ceef4a24af286b04e433e6daf1b7834') in 0.032337 seconds
  Import took 0.035308 seconds .

========================================================================
Received Import Request.
  Time since last request: 0.000764 seconds.
  path: Assets/Prefabs/Level 2/L2 4.prefab
  artifactKey: Guid(6f5ea723be677b14e920aa93d88704b6) Importer(815301076,1909f56bfc062723c751e8b465ee728b)
Start importing Assets/Prefabs/Level 2/L2 4.prefab using Guid(6f5ea723be677b14e920aa93d88704b6) Importer(815301076,1909f56bfc062723c751e8b465ee728b)  -> (artifact id: '6ceef4a24af286b04e433e6daf1b7834') in 0.030844 seconds
  Import took 0.033852 seconds .

========================================================================
Received Import Request.
  Time since last request: 4.690440 seconds.
  path: Assets/Prefabs/Level 3/L3 1.prefab
  artifactKey: Guid(6ec44e97d5f6f3d4883e076a1bedb301) Importer(815301076,1909f56bfc062723c751e8b465ee728b)
Start importing Assets/Prefabs/Level 3/L3 1.prefab using Guid(6ec44e97d5f6f3d4883e076a1bedb301) Importer(815301076,1909f56bfc062723c751e8b465ee728b)  -> (artifact id: 'e1e4880874360b798eb290f003adc6a6') in 0.033154 seconds
  Import took 0.036296 seconds .

========================================================================
Received Import Request.
  Time since last request: 0.045163 seconds.
  path: Assets/Prefabs/Level 3/L3 2.prefab
  artifactKey: Guid(47c53d274b6899949895db5abe9fb579) Importer(815301076,1909f56bfc062723c751e8b465ee728b)
Start importing Assets/Prefabs/Level 3/L3 2.prefab using Guid(47c53d274b6899949895db5abe9fb579) Importer(815301076,1909f56bfc062723c751e8b465ee728b)  -> (artifact id: '8f8a6c14975e0a13bd498dac3c032355') in 0.052322 seconds
  Import took 0.055933 seconds .

========================================================================
Received Import Request.
  Time since last request: 0.000172 seconds.
  path: Assets/Prefabs/Level 3/L3_EmptyBlock.prefab
  artifactKey: Guid(3759ed67204e25241895209c722c074c) Importer(815301076,1909f56bfc062723c751e8b465ee728b)
Start importing Assets/Prefabs/Level 3/L3_EmptyBlock.prefab using Guid(3759ed67204e25241895209c722c074c) Importer(815301076,1909f56bfc062723c751e8b465ee728b)  -> (artifact id: 'bbbcb2603a3bac5fbe1c04cffe25f02d') in 0.035533 seconds
  Import took 0.038685 seconds .

========================================================================
Received Import Request.
  Time since last request: 0.000218 seconds.
  path: Assets/Prefabs/Level 3/L3 3.prefab
  artifactKey: Guid(fb1e5dc61d365be44a885b412e46dd4a) Importer(815301076,1909f56bfc062723c751e8b465ee728b)
Start importing Assets/Prefabs/Level 3/L3 3.prefab using Guid(fb1e5dc61d365be44a885b412e46dd4a) Importer(815301076,1909f56bfc062723c751e8b465ee728b)  -> (artifact id: 'e3d1b34a80c9210e248a7ac24b5f0cbb') in 0.044733 seconds
  Import took 0.047669 seconds .

========================================================================
Received Import Request.
  Time since last request: 6.881448 seconds.
  path: Assets/Prefabs/Level 3/L3 2.prefab
  artifactKey: Guid(47c53d274b6899949895db5abe9fb579) Importer(815301076,1909f56bfc062723c751e8b465ee728b)
Start importing Assets/Prefabs/Level 3/L3 2.prefab using Guid(47c53d274b6899949895db5abe9fb579) Importer(815301076,1909f56bfc062723c751e8b465ee728b)  -> (artifact id: '8d9bf134ffe8412a2d9462da771a7876') in 0.043901 seconds
  Import took 0.047059 seconds .

========================================================================
Received Import Request.
  Time since last request: 0.000253 seconds.
  path: Assets/Prefabs/Level 3/plant_8.prefab
  artifactKey: Guid(718bd925505392c48ad286f56238bb83) Importer(815301076,1909f56bfc062723c751e8b465ee728b)
Start importing Assets/Prefabs/Level 3/plant_8.prefab using Guid(718bd925505392c48ad286f56238bb83) Importer(815301076,1909f56bfc062723c751e8b465ee728b)  -> (artifact id: '3e0720d869814a76d4852b35bed9382c') in 0.007882 seconds
  Import took 0.010441 seconds .

========================================================================
Received Import Request.
  Time since last request: 0.000220 seconds.
  path: Assets/Prefabs/Level 3/L3 3.prefab
  artifactKey: Guid(fb1e5dc61d365be44a885b412e46dd4a) Importer(815301076,1909f56bfc062723c751e8b465ee728b)
Start importing Assets/Prefabs/Level 3/L3 3.prefab using Guid(fb1e5dc61d365be44a885b412e46dd4a) Importer(815301076,1909f56bfc062723c751e8b465ee728b)  -> (artifact id: 'f2720e54b001dc577b69bee6a9a4c202') in 0.027283 seconds
  Import took 0.030789 seconds .

========================================================================
Received Import Request.
  Time since last request: 14.787333 seconds.
  path: Assets/Prefabs/Level 3/L3 3.prefab
  artifactKey: Guid(fb1e5dc61d365be44a885b412e46dd4a) Importer(815301076,1909f56bfc062723c751e8b465ee728b)
Start importing Assets/Prefabs/Level 3/L3 3.prefab using Guid(fb1e5dc61d365be44a885b412e46dd4a) Importer(815301076,1909f56bfc062723c751e8b465ee728b)  -> (artifact id: 'f707a638acd2894caf8a47c25fb9ade8') in 0.041878 seconds
  Import took 0.045923 seconds .

========================================================================
Received Import Request.
  Time since last request: 0.000203 seconds.
  path: Assets/Prefabs/Level 3/plant_7.prefab
  artifactKey: Guid(326f793f2db29e449a01149b06488f87) Importer(815301076,1909f56bfc062723c751e8b465ee728b)
Start importing Assets/Prefabs/Level 3/plant_7.prefab using Guid(326f793f2db29e449a01149b06488f87) Importer(815301076,1909f56bfc062723c751e8b465ee728b)  -> (artifact id: '5c4c5bb615b782c93db2d295b4f485e4') in 0.009827 seconds
  Import took 0.012065 seconds .

========================================================================
Received Import Request.
  Time since last request: 4.191051 seconds.
  path: Assets/Prefabs/Level 3/L3 3.prefab
  artifactKey: Guid(fb1e5dc61d365be44a885b412e46dd4a) Importer(815301076,1909f56bfc062723c751e8b465ee728b)
Start importing Assets/Prefabs/Level 3/L3 3.prefab using Guid(fb1e5dc61d365be44a885b412e46dd4a) Importer(815301076,1909f56bfc062723c751e8b465ee728b)  -> (artifact id: 'e60fc5ed3459ebadb135eeda586436e9') in 0.027721 seconds
  Import took 0.030820 seconds .

========================================================================
Received Import Request.
  Time since last request: 7.861525 seconds.
  path: Assets/Prefabs/Level 3/L3 3.prefab
  artifactKey: Guid(fb1e5dc61d365be44a885b412e46dd4a) Importer(815301076,1909f56bfc062723c751e8b465ee728b)
Start importing Assets/Prefabs/Level 3/L3 3.prefab using Guid(fb1e5dc61d365be44a885b412e46dd4a) Importer(815301076,1909f56bfc062723c751e8b465ee728b)  -> (artifact id: '92eaea8e05e1ad839ee44f80641275a4') in 0.030736 seconds
  Import took 0.033965 seconds .

========================================================================
Received Import Request.
  Time since last request: 2.601171 seconds.
  path: Assets/Prefabs/Level 3/L3 3.prefab
  artifactKey: Guid(fb1e5dc61d365be44a885b412e46dd4a) Importer(815301076,1909f56bfc062723c751e8b465ee728b)
Start importing Assets/Prefabs/Level 3/L3 3.prefab using Guid(fb1e5dc61d365be44a885b412e46dd4a) Importer(815301076,1909f56bfc062723c751e8b465ee728b)  -> (artifact id: '9a2ecf4f90fa162b94f27df4364e6924') in 0.025556 seconds
  Import took 0.029149 seconds .

========================================================================
Received Import Request.
  Time since last request: 9.147825 seconds.
  path: Assets/Prefabs/Level 3/L3 3.prefab
  artifactKey: Guid(fb1e5dc61d365be44a885b412e46dd4a) Importer(815301076,1909f56bfc062723c751e8b465ee728b)
Start importing Assets/Prefabs/Level 3/L3 3.prefab using Guid(fb1e5dc61d365be44a885b412e46dd4a) Importer(815301076,1909f56bfc062723c751e8b465ee728b)  -> (artifact id: 'a1f27cc4cc8d0ce8cd9c33b69a290bda') in 0.056093 seconds
  Import took 0.059177 seconds .

========================================================================
Received Import Request.
  Time since last request: 0.000282 seconds.
  path: Assets/Prefabs/Level 3/plant_7.prefab
  artifactKey: Guid(326f793f2db29e449a01149b06488f87) Importer(815301076,1909f56bfc062723c751e8b465ee728b)
Start importing Assets/Prefabs/Level 3/plant_7.prefab using Guid(326f793f2db29e449a01149b06488f87) Importer(815301076,1909f56bfc062723c751e8b465ee728b)  -> (artifact id: 'a088b1de14035901dc80f79b17b92c0f') in 0.031882 seconds
  Import took 0.034086 seconds .

========================================================================
Received Import Request.
  Time since last request: 0.000813 seconds.
  path: Assets/Prefabs/Level 3/plant_7.prefab
  artifactKey: Guid(326f793f2db29e449a01149b06488f87) Importer(815301076,1909f56bfc062723c751e8b465ee728b)
Start importing Assets/Prefabs/Level 3/plant_7.prefab using Guid(326f793f2db29e449a01149b06488f87) Importer(815301076,1909f56bfc062723c751e8b465ee728b)  -> (artifact id: 'a088b1de14035901dc80f79b17b92c0f') in 0.022204 seconds
  Import took 0.024470 seconds .

========================================================================
Received Import Request.
  Time since last request: 27.517984 seconds.
  path: Assets/Prefabs/Level 3/L3 1.prefab
  artifactKey: Guid(6ec44e97d5f6f3d4883e076a1bedb301) Importer(815301076,1909f56bfc062723c751e8b465ee728b)
Start importing Assets/Prefabs/Level 3/L3 1.prefab using Guid(6ec44e97d5f6f3d4883e076a1bedb301) Importer(815301076,1909f56bfc062723c751e8b465ee728b)  -> (artifact id: '8160fac8516b9d41355374e85452c876') in 0.026592 seconds
  Import took 0.030047 seconds .

========================================================================
Received Import Request.
  Time since last request: 6.815826 seconds.
  path: Assets/Prefabs/Level 3/L3 1.prefab
  artifactKey: Guid(6ec44e97d5f6f3d4883e076a1bedb301) Importer(815301076,1909f56bfc062723c751e8b465ee728b)
Start importing Assets/Prefabs/Level 3/L3 1.prefab using Guid(6ec44e97d5f6f3d4883e076a1bedb301) Importer(815301076,1909f56bfc062723c751e8b465ee728b)  -> (artifact id: '00e3f7ba16e8152d9c6e3c8e60d82543') in 0.032424 seconds
  Import took 0.035646 seconds .

========================================================================
Received Import Request.
  Time since last request: 1.378581 seconds.
  path: Assets/Prefabs/Level 3/L3 1.prefab
  artifactKey: Guid(6ec44e97d5f6f3d4883e076a1bedb301) Importer(815301076,1909f56bfc062723c751e8b465ee728b)
Start importing Assets/Prefabs/Level 3/L3 1.prefab using Guid(6ec44e97d5f6f3d4883e076a1bedb301) Importer(815301076,1909f56bfc062723c751e8b465ee728b)  -> (artifact id: 'a0abe387d126b206324b3ef2d10a831b') in 0.024925 seconds
  Import took 0.028035 seconds .

========================================================================
Received Import Request.
  Time since last request: 4.171805 seconds.
  path: Assets/Prefabs/Level 4/L4 1.prefab
  artifactKey: Guid(a00e04f80ce2a9643a2f536f990240a9) Importer(815301076,1909f56bfc062723c751e8b465ee728b)
Start importing Assets/Prefabs/Level 4/L4 1.prefab using Guid(a00e04f80ce2a9643a2f536f990240a9) Importer(815301076,1909f56bfc062723c751e8b465ee728b)  -> (artifact id: 'ce990c88a79d9932d97d82d0a96733dc') in 0.031782 seconds
  Import took 0.035165 seconds .

========================================================================
Received Import Request.
  Time since last request: 0.000333 seconds.
  path: Assets/Prefabs/Level 4/L4_EmptyBlock.prefab
  artifactKey: Guid(08e2356f784b8cd49be8985ef8697625) Importer(815301076,1909f56bfc062723c751e8b465ee728b)
Start importing Assets/Prefabs/Level 4/L4_EmptyBlock.prefab using Guid(08e2356f784b8cd49be8985ef8697625) Importer(815301076,1909f56bfc062723c751e8b465ee728b)  -> (artifact id: '9042af362434dc3ad4d5cedfa273035b') in 0.050324 seconds
  Import took 0.053087 seconds .

========================================================================
Received Import Request.
  Time since last request: 0.000275 seconds.
  path: Assets/Prefabs/Level 4/L4.prefab
  artifactKey: Guid(d5bbf47f008740f4ea5ff09c34cce668) Importer(815301076,1909f56bfc062723c751e8b465ee728b)
Start importing Assets/Prefabs/Level 4/L4.prefab using Guid(d5bbf47f008740f4ea5ff09c34cce668) Importer(815301076,1909f56bfc062723c751e8b465ee728b)  -> (artifact id: '8cf68f2063b024ae82913439d51c27d9') in 0.098815 seconds
  Import took 0.102722 seconds .

========================================================================
Received Import Request.
  Time since last request: 0.000329 seconds.
  path: Assets/Prefabs/Level 4/L4 3.prefab
  artifactKey: Guid(6f706b89077b4d54383af53262a5b9bc) Importer(815301076,1909f56bfc062723c751e8b465ee728b)
Start importing Assets/Prefabs/Level 4/L4 3.prefab using Guid(6f706b89077b4d54383af53262a5b9bc) Importer(815301076,1909f56bfc062723c751e8b465ee728b)  -> (artifact id: '4cc61bf8f8564d7bb4cf525fa1b2bb90') in 0.041376 seconds
  Import took 0.044863 seconds .

========================================================================
Received Import Request.
  Time since last request: 0.000298 seconds.
  path: Assets/Prefabs/Level 4/L4 2.prefab
  artifactKey: Guid(043f7ef22e0745142a82f1e0ed586c44) Importer(815301076,1909f56bfc062723c751e8b465ee728b)
Start importing Assets/Prefabs/Level 4/L4 2.prefab using Guid(043f7ef22e0745142a82f1e0ed586c44) Importer(815301076,1909f56bfc062723c751e8b465ee728b)  -> (artifact id: '0765c02de97cf7201118fe290fc00e1e') in 0.046322 seconds
  Import took 0.050363 seconds .

========================================================================
Received Import Request.
  Time since last request: 0.000318 seconds.
  path: Assets/Prefabs/Level 4/L4 4.prefab
  artifactKey: Guid(62c0a5f1226108e49b4d68621150b012) Importer(815301076,1909f56bfc062723c751e8b465ee728b)
Start importing Assets/Prefabs/Level 4/L4 4.prefab using Guid(62c0a5f1226108e49b4d68621150b012) Importer(815301076,1909f56bfc062723c751e8b465ee728b)  -> (artifact id: '613c88a303f0f84018d8dde0e105e886') in 0.047500 seconds
  Import took 0.051453 seconds .

========================================================================
Received Import Request.
  Time since last request: 0.856228 seconds.
  path: Assets/Prefabs/Level 2/L2 1.prefab
  artifactKey: Guid(bfd725608298d324daf15db895293950) Importer(815301076,1909f56bfc062723c751e8b465ee728b)
Start importing Assets/Prefabs/Level 2/L2 1.prefab using Guid(bfd725608298d324daf15db895293950) Importer(815301076,1909f56bfc062723c751e8b465ee728b)  -> (artifact id: '93b360b977a2986835174b8ee83a61fa') in 0.028510 seconds
  Import took 0.031796 seconds .

========================================================================
Received Import Request.
  Time since last request: 0.000229 seconds.
  path: Assets/Prefabs/Level 2/rock_4.prefab
  artifactKey: Guid(9e726aadf4ce79a40999bcde749dab66) Importer(815301076,1909f56bfc062723c751e8b465ee728b)
Start importing Assets/Prefabs/Level 2/rock_4.prefab using Guid(9e726aadf4ce79a40999bcde749dab66) Importer(815301076,1909f56bfc062723c751e8b465ee728b)  -> (artifact id: '1e2f646227da54319fbc61354aaf0a1c') in 0.007258 seconds
  Import took 0.009919 seconds .

========================================================================
Received Import Request.
  Time since last request: 0.000293 seconds.
  path: Assets/Prefabs/Level 2/L2 2.prefab
  artifactKey: Guid(f75acea97033c514a9e8fa0d921d8ef9) Importer(815301076,1909f56bfc062723c751e8b465ee728b)
Start importing Assets/Prefabs/Level 2/L2 2.prefab using Guid(f75acea97033c514a9e8fa0d921d8ef9) Importer(815301076,1909f56bfc062723c751e8b465ee728b)  -> (artifact id: '4095699b931aab26e60dece2266df14a') in 0.035675 seconds
  Import took 0.038880 seconds .

========================================================================
Received Import Request.
  Time since last request: 30.439037 seconds.
  path: Assets/Prefabs/Level 4/bush_7.prefab
  artifactKey: Guid(44374c6b0b90a634fa2a9afc1be2a06c) Importer(815301076,1909f56bfc062723c751e8b465ee728b)
Start importing Assets/Prefabs/Level 4/bush_7.prefab using Guid(44374c6b0b90a634fa2a9afc1be2a06c) Importer(815301076,1909f56bfc062723c751e8b465ee728b)  -> (artifact id: '00ad1bcdca5d4f9ccdd85f0bcead1eec') in 0.030513 seconds
  Import took 0.033049 seconds .

========================================================================
Received Import Request.
  Time since last request: 0.000190 seconds.
  path: Assets/Prefabs/Level 4/island_canopy_slanted.prefab
  artifactKey: Guid(619f32c8c73b85a48aa239e18c1937f1) Importer(815301076,1909f56bfc062723c751e8b465ee728b)
Start importing Assets/Prefabs/Level 4/island_canopy_slanted.prefab using Guid(619f32c8c73b85a48aa239e18c1937f1) Importer(815301076,1909f56bfc062723c751e8b465ee728b)  -> (artifact id: 'b794cd79847cfa1f6659d1fcd76f0487') in 0.016256 seconds
  Import took 0.018843 seconds .

========================================================================
Received Import Request.
  Time since last request: 0.000160 seconds.
  path: Assets/Prefabs/Level 4/island_dockAndCrate.prefab
  artifactKey: Guid(80dd9034fc26a024992ba555b1a0bbd2) Importer(815301076,1909f56bfc062723c751e8b465ee728b)
Start importing Assets/Prefabs/Level 4/island_dockAndCrate.prefab using Guid(80dd9034fc26a024992ba555b1a0bbd2) Importer(815301076,1909f56bfc062723c751e8b465ee728b)  -> (artifact id: '78de88cf7331b0c217f1ceb31c362103') in 0.013320 seconds
  Import took 0.015709 seconds .

========================================================================
Received Import Request.
  Time since last request: 0.000224 seconds.
  path: Assets/Prefabs/Level 4/island_crate.prefab
  artifactKey: Guid(7d676d6566177664ca6c1d0926791bed) Importer(815301076,1909f56bfc062723c751e8b465ee728b)
Start importing Assets/Prefabs/Level 4/island_crate.prefab using Guid(7d676d6566177664ca6c1d0926791bed) Importer(815301076,1909f56bfc062723c751e8b465ee728b)  -> (artifact id: 'baeb332a8306ec8dae4692c66da06aef') in 0.012273 seconds
  Import took 0.014782 seconds .

========================================================================
Received Import Request.
  Time since last request: 0.000218 seconds.
  path: Assets/Prefabs/Level 4/L4 1.prefab
  artifactKey: Guid(a00e04f80ce2a9643a2f536f990240a9) Importer(815301076,1909f56bfc062723c751e8b465ee728b)
Start importing Assets/Prefabs/Level 4/L4 1.prefab using Guid(a00e04f80ce2a9643a2f536f990240a9) Importer(815301076,1909f56bfc062723c751e8b465ee728b)  -> (artifact id: '7796627d487a9364fc9dacbb5d3581fa') in 0.050622 seconds
  Import took 0.053295 seconds .

========================================================================
Received Import Request.
  Time since last request: 0.000321 seconds.
  path: Assets/Prefabs/Level 4/L4 3.prefab
  artifactKey: Guid(6f706b89077b4d54383af53262a5b9bc) Importer(815301076,1909f56bfc062723c751e8b465ee728b)
Start importing Assets/Prefabs/Level 4/L4 3.prefab using Guid(6f706b89077b4d54383af53262a5b9bc) Importer(815301076,1909f56bfc062723c751e8b465ee728b)  -> (artifact id: '5a32fff0c2212ac8bfdec1087749948a') in 0.041952 seconds
  Import took 0.045646 seconds .

========================================================================
Received Import Request.
  Time since last request: 0.000278 seconds.
  path: Assets/Prefabs/Level 4/L4 2.prefab
  artifactKey: Guid(043f7ef22e0745142a82f1e0ed586c44) Importer(815301076,1909f56bfc062723c751e8b465ee728b)
Start importing Assets/Prefabs/Level 4/L4 2.prefab using Guid(043f7ef22e0745142a82f1e0ed586c44) Importer(815301076,1909f56bfc062723c751e8b465ee728b)  -> (artifact id: '9af61f154b1fcc25cd8837444c7649e9') in 0.039027 seconds
  Import took 0.043051 seconds .

========================================================================
Received Import Request.
  Time since last request: 0.000249 seconds.
  path: Assets/Prefabs/Level 4/island_dock.prefab
  artifactKey: Guid(33790664e43ff9441b333da59d1b1fe1) Importer(815301076,1909f56bfc062723c751e8b465ee728b)
Start importing Assets/Prefabs/Level 4/island_dock.prefab using Guid(33790664e43ff9441b333da59d1b1fe1) Importer(815301076,1909f56bfc062723c751e8b465ee728b)  -> (artifact id: '71f52ee4f4ff0b01244fa75bd0f05ba4') in 0.006606 seconds
  Import took 0.009318 seconds .

========================================================================
Received Import Request.
  Time since last request: 0.000197 seconds.
  path: Assets/Prefabs/Level 4/L4 4.prefab
  artifactKey: Guid(62c0a5f1226108e49b4d68621150b012) Importer(815301076,1909f56bfc062723c751e8b465ee728b)
Start importing Assets/Prefabs/Level 4/L4 4.prefab using Guid(62c0a5f1226108e49b4d68621150b012) Importer(815301076,1909f56bfc062723c751e8b465ee728b)  -> (artifact id: 'fc558178781efb7ba0d57377344d1945') in 0.042627 seconds
  Import took 0.046225 seconds .

========================================================================
Received Import Request.
  Time since last request: 3.280983 seconds.
  path: Assets/Prefabs/Level 4/island_dockAndCrate.prefab
  artifactKey: Guid(80dd9034fc26a024992ba555b1a0bbd2) Importer(815301076,1909f56bfc062723c751e8b465ee728b)
Start importing Assets/Prefabs/Level 4/island_dockAndCrate.prefab using Guid(80dd9034fc26a024992ba555b1a0bbd2) Importer(815301076,1909f56bfc062723c751e8b465ee728b)  -> (artifact id: 'd0afff078479efe52ef2710e54947bbd') in 0.021027 seconds
  Import took 0.023958 seconds .

========================================================================
Received Import Request.
  Time since last request: 0.000260 seconds.
  path: Assets/Prefabs/Level 4/L4 1.prefab
  artifactKey: Guid(a00e04f80ce2a9643a2f536f990240a9) Importer(815301076,1909f56bfc062723c751e8b465ee728b)
Start importing Assets/Prefabs/Level 4/L4 1.prefab using Guid(a00e04f80ce2a9643a2f536f990240a9) Importer(815301076,1909f56bfc062723c751e8b465ee728b)  -> (artifact id: '01c112c8c871c97fe6d00e670417c2ab') in 0.047886 seconds
  Import took 0.051912 seconds .

========================================================================
Received Import Request.
  Time since last request: 0.000270 seconds.
  path: Assets/Prefabs/Level 4/L4 3.prefab
  artifactKey: Guid(6f706b89077b4d54383af53262a5b9bc) Importer(815301076,1909f56bfc062723c751e8b465ee728b)
Start importing Assets/Prefabs/Level 4/L4 3.prefab using Guid(6f706b89077b4d54383af53262a5b9bc) Importer(815301076,1909f56bfc062723c751e8b465ee728b)  -> (artifact id: 'de05941fb4cbf292dc471870c6dbaea6') in 0.039621 seconds
  Import took 0.042962 seconds .

========================================================================
Received Import Request.
  Time since last request: 3.559740 seconds.
  path: Assets/Prefabs/Level 4/island_dock.prefab
  artifactKey: Guid(33790664e43ff9441b333da59d1b1fe1) Importer(815301076,1909f56bfc062723c751e8b465ee728b)
Start importing Assets/Prefabs/Level 4/island_dock.prefab using Guid(33790664e43ff9441b333da59d1b1fe1) Importer(815301076,1909f56bfc062723c751e8b465ee728b)  -> (artifact id: 'efc1e07616c6606ce991c77a9c9ebc8e') in 0.028146 seconds
  Import took 0.031869 seconds .

========================================================================
Received Import Request.
  Time since last request: 0.000216 seconds.
  path: Assets/Prefabs/Level 4/island_dockAndCrate.prefab
  artifactKey: Guid(80dd9034fc26a024992ba555b1a0bbd2) Importer(815301076,1909f56bfc062723c751e8b465ee728b)
Start importing Assets/Prefabs/Level 4/island_dockAndCrate.prefab using Guid(80dd9034fc26a024992ba555b1a0bbd2) Importer(815301076,1909f56bfc062723c751e8b465ee728b)  -> (artifact id: '4947f1948964a3b6bb878d63d0110a61') in 0.007852 seconds
  Import took 0.010224 seconds .

========================================================================
Received Import Request.
  Time since last request: 0.000183 seconds.
  path: Assets/Prefabs/Level 4/L4 1.prefab
  artifactKey: Guid(a00e04f80ce2a9643a2f536f990240a9) Importer(815301076,1909f56bfc062723c751e8b465ee728b)
Start importing Assets/Prefabs/Level 4/L4 1.prefab using Guid(a00e04f80ce2a9643a2f536f990240a9) Importer(815301076,1909f56bfc062723c751e8b465ee728b)  -> (artifact id: '98295a460948d65f2bcfbdd4ae6b54e4') in 0.047042 seconds
  Import took 0.050632 seconds .

========================================================================
Received Import Request.
  Time since last request: 0.000406 seconds.
  path: Assets/Prefabs/Level 4/L4 3.prefab
  artifactKey: Guid(6f706b89077b4d54383af53262a5b9bc) Importer(815301076,1909f56bfc062723c751e8b465ee728b)
Start importing Assets/Prefabs/Level 4/L4 3.prefab using Guid(6f706b89077b4d54383af53262a5b9bc) Importer(815301076,1909f56bfc062723c751e8b465ee728b)  -> (artifact id: 'ca512ff2e54fc8d2f4e38c54c5c8c222') in 0.042244 seconds
  Import took 0.047557 seconds .

========================================================================
Received Import Request.
  Time since last request: 0.002758 seconds.
  path: Assets/Prefabs/Level 4/L4 3.prefab
  artifactKey: Guid(6f706b89077b4d54383af53262a5b9bc) Importer(815301076,1909f56bfc062723c751e8b465ee728b)
Start importing Assets/Prefabs/Level 4/L4 3.prefab using Guid(6f706b89077b4d54383af53262a5b9bc) Importer(815301076,1909f56bfc062723c751e8b465ee728b)  -> (artifact id: 'ca512ff2e54fc8d2f4e38c54c5c8c222') in 0.033340 seconds
  Import took 0.036994 seconds .

========================================================================
Received Import Request.
  Time since last request: 1.565827 seconds.
  path: Assets/Prefabs/Level 4/island_crate.prefab
  artifactKey: Guid(7d676d6566177664ca6c1d0926791bed) Importer(815301076,1909f56bfc062723c751e8b465ee728b)
Start importing Assets/Prefabs/Level 4/island_crate.prefab using Guid(7d676d6566177664ca6c1d0926791bed) Importer(815301076,1909f56bfc062723c751e8b465ee728b)  -> (artifact id: 'ee483bc69ab2403aaff88bd78e4e6cfd') in 0.014986 seconds
  Import took 0.017551 seconds .

========================================================================
Received Import Request.
  Time since last request: 0.000398 seconds.
  path: Assets/Prefabs/Level 4/island_dockAndCrate.prefab
  artifactKey: Guid(80dd9034fc26a024992ba555b1a0bbd2) Importer(815301076,1909f56bfc062723c751e8b465ee728b)
Start importing Assets/Prefabs/Level 4/island_dockAndCrate.prefab using Guid(80dd9034fc26a024992ba555b1a0bbd2) Importer(815301076,1909f56bfc062723c751e8b465ee728b)  -> (artifact id: '34ea548bb4196b8bb8defc5e8da628ea') in 0.007506 seconds
  Import took 0.010755 seconds .

========================================================================
Received Import Request.
  Time since last request: 0.000211 seconds.
  path: Assets/Prefabs/Level 4/L4 1.prefab
  artifactKey: Guid(a00e04f80ce2a9643a2f536f990240a9) Importer(815301076,1909f56bfc062723c751e8b465ee728b)
Start importing Assets/Prefabs/Level 4/L4 1.prefab using Guid(a00e04f80ce2a9643a2f536f990240a9) Importer(815301076,1909f56bfc062723c751e8b465ee728b)  -> (artifact id: '6af36ebb437c3a32990cc524a0f687cc') in 0.032336 seconds
  Import took 0.035870 seconds .

========================================================================
Received Import Request.
  Time since last request: 0.000245 seconds.
  path: Assets/Prefabs/Level 4/L4 3.prefab
  artifactKey: Guid(6f706b89077b4d54383af53262a5b9bc) Importer(815301076,1909f56bfc062723c751e8b465ee728b)
Start importing Assets/Prefabs/Level 4/L4 3.prefab using Guid(6f706b89077b4d54383af53262a5b9bc) Importer(815301076,1909f56bfc062723c751e8b465ee728b)  -> (artifact id: '8bad06e9979ae535ac49915609a154fe') in 0.044485 seconds
  Import took 0.048775 seconds .

========================================================================
Received Import Request.
  Time since last request: 1.942389 seconds.
  path: Assets/Prefabs/Level 4/island_canopy_slanted.prefab
  artifactKey: Guid(619f32c8c73b85a48aa239e18c1937f1) Importer(815301076,1909f56bfc062723c751e8b465ee728b)
Start importing Assets/Prefabs/Level 4/island_canopy_slanted.prefab using Guid(619f32c8c73b85a48aa239e18c1937f1) Importer(815301076,1909f56bfc062723c751e8b465ee728b)  -> (artifact id: '1e9771a3062b0a74212b203865f9f611') in 0.023826 seconds
  Import took 0.027077 seconds .

========================================================================
Received Import Request.
  Time since last request: 0.000269 seconds.
  path: Assets/Prefabs/Level 4/L4 3.prefab
  artifactKey: Guid(6f706b89077b4d54383af53262a5b9bc) Importer(815301076,1909f56bfc062723c751e8b465ee728b)
Start importing Assets/Prefabs/Level 4/L4 3.prefab using Guid(6f706b89077b4d54383af53262a5b9bc) Importer(815301076,1909f56bfc062723c751e8b465ee728b)  -> (artifact id: '7ca2ded4f9d9d51e1300819a6f49c155') in 0.041867 seconds
  Import took 0.045682 seconds .

========================================================================
Received Import Request.
  Time since last request: 0.000237 seconds.
  path: Assets/Prefabs/Level 4/L4 2.prefab
  artifactKey: Guid(043f7ef22e0745142a82f1e0ed586c44) Importer(815301076,1909f56bfc062723c751e8b465ee728b)
Start importing Assets/Prefabs/Level 4/L4 2.prefab using Guid(043f7ef22e0745142a82f1e0ed586c44) Importer(815301076,1909f56bfc062723c751e8b465ee728b)  -> (artifact id: '804ed3626c1fdf55b2859a6b36f4e3a6') in 0.045605 seconds
  Import took 0.049245 seconds .

========================================================================
Received Import Request.
  Time since last request: 0.000358 seconds.
  path: Assets/Prefabs/Level 4/L4 4.prefab
  artifactKey: Guid(62c0a5f1226108e49b4d68621150b012) Importer(815301076,1909f56bfc062723c751e8b465ee728b)
Start importing Assets/Prefabs/Level 4/L4 4.prefab using Guid(62c0a5f1226108e49b4d68621150b012) Importer(815301076,1909f56bfc062723c751e8b465ee728b)  -> (artifact id: '9152c5dd3bfe1ec11a48a7fc7917fd4d') in 0.047502 seconds
  Import took 0.051838 seconds .

========================================================================
Received Import Request.
  Time since last request: 1.757394 seconds.
  path: Assets/Prefabs/Level 4/bush_7.prefab
  artifactKey: Guid(44374c6b0b90a634fa2a9afc1be2a06c) Importer(815301076,1909f56bfc062723c751e8b465ee728b)
Start importing Assets/Prefabs/Level 4/bush_7.prefab using Guid(44374c6b0b90a634fa2a9afc1be2a06c) Importer(815301076,1909f56bfc062723c751e8b465ee728b)  -> (artifact id: '19d4cbb421c80beffa238f83833250b9') in 0.008673 seconds
  Import took 0.011371 seconds .

========================================================================
Received Import Request.
  Time since last request: 0.000294 seconds.
  path: Assets/Prefabs/Level 4/L4 3.prefab
  artifactKey: Guid(6f706b89077b4d54383af53262a5b9bc) Importer(815301076,1909f56bfc062723c751e8b465ee728b)
Start importing Assets/Prefabs/Level 4/L4 3.prefab using Guid(6f706b89077b4d54383af53262a5b9bc) Importer(815301076,1909f56bfc062723c751e8b465ee728b)  -> (artifact id: 'fb15e8eb560ebac56e529f3893a94635') in 0.033211 seconds
  Import took 0.037117 seconds .

========================================================================
Received Import Request.
  Time since last request: 0.000194 seconds.
  path: Assets/Prefabs/Level 4/L4 4.prefab
  artifactKey: Guid(62c0a5f1226108e49b4d68621150b012) Importer(815301076,1909f56bfc062723c751e8b465ee728b)
Start importing Assets/Prefabs/Level 4/L4 4.prefab using Guid(62c0a5f1226108e49b4d68621150b012) Importer(815301076,1909f56bfc062723c751e8b465ee728b)  -> (artifact id: '4ce1afecb2dfde000cb018182aef8683') in 0.056284 seconds
  Import took 0.060133 seconds .

========================================================================
Received Import Request.
  Time since last request: 0.003767 seconds.
  path: Assets/Prefabs/Level 4/L4 4.prefab
  artifactKey: Guid(62c0a5f1226108e49b4d68621150b012) Importer(815301076,1909f56bfc062723c751e8b465ee728b)
Start importing Assets/Prefabs/Level 4/L4 4.prefab using Guid(62c0a5f1226108e49b4d68621150b012) Importer(815301076,1909f56bfc062723c751e8b465ee728b)  -> (artifact id: '4ce1afecb2dfde000cb018182aef8683') in 0.046871 seconds
  Import took 0.050831 seconds .

========================================================================
Received Import Request.
  Time since last request: 56.848269 seconds.
  path: Assets/Prefabs/EnemyPrefab.prefab
  artifactKey: Guid(fdd9c73aedc0bd946ab91fb8944ecedd) Importer(815301076,1909f56bfc062723c751e8b465ee728b)
Start importing Assets/Prefabs/EnemyPrefab.prefab using Guid(fdd9c73aedc0bd946ab91fb8944ecedd) Importer(815301076,1909f56bfc062723c751e8b465ee728b)  -> (artifact id: '78eb871faf9601b4c1eabccaa1ff5cab') in 0.015139 seconds
  Import took 0.017875 seconds .

========================================================================
Received Import Request.
  Time since last request: 4.433766 seconds.
  path: Assets/Prefabs/Level 4/L4 2.prefab
  artifactKey: Guid(043f7ef22e0745142a82f1e0ed586c44) Importer(815301076,1909f56bfc062723c751e8b465ee728b)
Start importing Assets/Prefabs/Level 4/L4 2.prefab using Guid(043f7ef22e0745142a82f1e0ed586c44) Importer(815301076,1909f56bfc062723c751e8b465ee728b)  -> (artifact id: 'dcef18433844ec7879fb71786bd8f612') in 0.041971 seconds
  Import took 0.045715 seconds .

========================================================================
Received Import Request.
  Time since last request: 0.000328 seconds.
  path: Assets/Prefabs/Level 4/L4.prefab
  artifactKey: Guid(d5bbf47f008740f4ea5ff09c34cce668) Importer(815301076,1909f56bfc062723c751e8b465ee728b)
Start importing Assets/Prefabs/Level 4/L4.prefab using Guid(d5bbf47f008740f4ea5ff09c34cce668) Importer(815301076,1909f56bfc062723c751e8b465ee728b)  -> (artifact id: '6d67e9fa83da56e6732a34afa2e66558') in 0.050945 seconds
  Import took 0.054876 seconds .

========================================================================
Received Import Request.
  Time since last request: 0.096634 seconds.
  path: Assets/Prefabs/Level 4/L4 4.prefab
  artifactKey: Guid(62c0a5f1226108e49b4d68621150b012) Importer(815301076,1909f56bfc062723c751e8b465ee728b)
Start importing Assets/Prefabs/Level 4/L4 4.prefab using Guid(62c0a5f1226108e49b4d68621150b012) Importer(815301076,1909f56bfc062723c751e8b465ee728b)  -> (artifact id: 'acbc5ce25432b4605e41127af16c52cc') in 0.053500 seconds
  Import took 0.057687 seconds .

========================================================================
Received Import Request.
  Time since last request: 0.000196 seconds.
  path: Assets/Prefabs/Level 4/L4.prefab
  artifactKey: Guid(d5bbf47f008740f4ea5ff09c34cce668) Importer(815301076,1909f56bfc062723c751e8b465ee728b)
Start importing Assets/Prefabs/Level 4/L4.prefab using Guid(d5bbf47f008740f4ea5ff09c34cce668) Importer(815301076,1909f56bfc062723c751e8b465ee728b)  -> (artifact id: '2f9e8937eb045009621507e49d6dd6d6') in 0.050706 seconds
  Import took 0.054709 seconds .

========================================================================
Received Prepare
Registering precompiled user dll's ...
Registered in 0.000599 seconds.
Begin MonoManager ReloadAssembly
Native extension for WindowsStandalone target not found
Native extension for WebGL target not found
Refreshing native plugins compatible for Editor in 0.52 ms, found 0 plugins.
Preloading 0 native plugins for Editor in 0.00 ms.
Mono: successfully reloaded assembly
- Completed reload, in  0.713 seconds
Platform modules already initialized, skipping
Switching build target platform(5) subTarget(0) extendedPlatform(0) -> platform(13) subTarget(537395200) extendedPlatform(0)
Refreshing native plugins compatible for Editor in 0.40 ms, found 0 plugins.
Preloading 0 native plugins for Editor in 0.00 ms.
Unloading 1129 Unused Serialized files (Serialized files now loaded: 0)
System memory in use before: 97.7 MB.
System memory in use after: 97.8 MB.

Unloading 4 unused Assets to reduce memory usage. Loaded Objects now: 1632.
Total: 1.884100 ms (FindLiveObjects: 0.188200 ms CreateObjectMapping: 0.030900 ms MarkObjects: 1.651000 ms  DeleteObjects: 0.013200 ms)

AssetImportParameters requested are different than current active one (requested -> active):
  custom:graphics/normal-map-encoding: 01000000000000000000000000000000 -> 02000000000000000000000000000000
========================================================================
Received Import Request.
  Time since last request: 152.217780 seconds.
  path: Assets/Prefabs/Level 1/L1 5.prefab
  artifactKey: Guid(05a33808692c83a478654f9cd8a6ca99) Importer(815301076,1909f56bfc062723c751e8b465ee728b)
Start importing Assets/Prefabs/Level 1/L1 5.prefab using Guid(05a33808692c83a478654f9cd8a6ca99) Importer(815301076,1909f56bfc062723c751e8b465ee728b)  -> (artifact id: 'd2032b2d2ed698e300baf90cfeae4b5d') in 0.085975 seconds
  Import took 0.089164 seconds .

========================================================================
Received Import Request.
  Time since last request: 0.000223 seconds.
  path: Assets/Prefabs/Level 1/L1 4.prefab
  artifactKey: Guid(8f28aa877fb95744abbc2318aafa147a) Importer(815301076,1909f56bfc062723c751e8b465ee728b)
Start importing Assets/Prefabs/Level 1/L1 4.prefab using Guid(8f28aa877fb95744abbc2318aafa147a) Importer(815301076,1909f56bfc062723c751e8b465ee728b)  -> (artifact id: '98e9050ee2bd47663b26d2a8a6517ea4') in 0.032804 seconds
  Import took 0.036089 seconds .

========================================================================
Received Import Request.
  Time since last request: 0.000219 seconds.
  path: Assets/Prefabs/Level 1/rock_24.prefab
  artifactKey: Guid(2afb0e360d1cb8e4ca7e32e8238bbfaa) Importer(815301076,1909f56bfc062723c751e8b465ee728b)
Start importing Assets/Prefabs/Level 1/rock_24.prefab using Guid(2afb0e360d1cb8e4ca7e32e8238bbfaa) Importer(815301076,1909f56bfc062723c751e8b465ee728b)  -> (artifact id: 'f8fca44e03f2f42ce77a2c3007caa1ae') in 0.006544 seconds
  Import took 0.008844 seconds .

========================================================================
Received Import Request.
  Time since last request: 0.000248 seconds.
  path: Assets/Prefabs/Level 1/L1 4.prefab
  artifactKey: Guid(8f28aa877fb95744abbc2318aafa147a) Importer(815301076,1909f56bfc062723c751e8b465ee728b)
Start importing Assets/Prefabs/Level 1/L1 4.prefab using Guid(8f28aa877fb95744abbc2318aafa147a) Importer(815301076,1909f56bfc062723c751e8b465ee728b)  -> (artifact id: '98e9050ee2bd47663b26d2a8a6517ea4') in 0.034932 seconds
  Import took 0.037692 seconds .

========================================================================
Received Import Request.
  Time since last request: 0.000217 seconds.
  path: Assets/Prefabs/Level 1/rock_24.prefab
  artifactKey: Guid(2afb0e360d1cb8e4ca7e32e8238bbfaa) Importer(815301076,1909f56bfc062723c751e8b465ee728b)
Start importing Assets/Prefabs/Level 1/rock_24.prefab using Guid(2afb0e360d1cb8e4ca7e32e8238bbfaa) Importer(815301076,1909f56bfc062723c751e8b465ee728b)  -> (artifact id: 'f8fca44e03f2f42ce77a2c3007caa1ae') in 0.007363 seconds
  Import took 0.010167 seconds .

========================================================================
Received Import Request.
  Time since last request: 13.514731 seconds.
  path: Assets/Prefabs/Level 1/L1 5.prefab
  artifactKey: Guid(05a33808692c83a478654f9cd8a6ca99) Importer(815301076,1909f56bfc062723c751e8b465ee728b)
Start importing Assets/Prefabs/Level 1/L1 5.prefab using Guid(05a33808692c83a478654f9cd8a6ca99) Importer(815301076,1909f56bfc062723c751e8b465ee728b)  -> (artifact id: '45b3553a5a48145f985217b937de1500') in 0.039003 seconds
  Import took 0.042160 seconds .

========================================================================
Received Import Request.
  Time since last request: 3.175597 seconds.
  path: Assets/Prefabs/Level 1/L1 5.prefab
  artifactKey: Guid(05a33808692c83a478654f9cd8a6ca99) Importer(815301076,1909f56bfc062723c751e8b465ee728b)
Start importing Assets/Prefabs/Level 1/L1 5.prefab using Guid(05a33808692c83a478654f9cd8a6ca99) Importer(815301076,1909f56bfc062723c751e8b465ee728b)  -> (artifact id: '618505e3ac5974c01f11e4f8ffa4762a') in 0.035320 seconds
  Import took 0.038362 seconds .

========================================================================
Received Import Request.
  Time since last request: 1.788750 seconds.
  path: Assets/Prefabs/Level 1/L1 5.prefab
  artifactKey: Guid(05a33808692c83a478654f9cd8a6ca99) Importer(815301076,1909f56bfc062723c751e8b465ee728b)
Start importing Assets/Prefabs/Level 1/L1 5.prefab using Guid(05a33808692c83a478654f9cd8a6ca99) Importer(815301076,1909f56bfc062723c751e8b465ee728b)  -> (artifact id: 'ac77c35b9da906a80778a717cdf91061') in 0.045146 seconds
  Import took 0.048612 seconds .

========================================================================
Received Import Request.
  Time since last request: 1.566151 seconds.
  path: Assets/Prefabs/Level 1/L1 5.prefab
  artifactKey: Guid(05a33808692c83a478654f9cd8a6ca99) Importer(815301076,1909f56bfc062723c751e8b465ee728b)
Start importing Assets/Prefabs/Level 1/L1 5.prefab using Guid(05a33808692c83a478654f9cd8a6ca99) Importer(815301076,1909f56bfc062723c751e8b465ee728b)  -> (artifact id: 'e53265a07c9bd2fc653bbf6fad46ca59') in 0.034467 seconds
  Import took 0.037396 seconds .

========================================================================
Received Import Request.
  Time since last request: 3.839355 seconds.
  path: Assets/Prefabs/Level 1/L1 4.prefab
  artifactKey: Guid(8f28aa877fb95744abbc2318aafa147a) Importer(815301076,1909f56bfc062723c751e8b465ee728b)
Start importing Assets/Prefabs/Level 1/L1 4.prefab using Guid(8f28aa877fb95744abbc2318aafa147a) Importer(815301076,1909f56bfc062723c751e8b465ee728b)  -> (artifact id: '4648a2a5b0ee3911fd83e0b97d8010b4') in 0.036643 seconds
  Import took 0.039797 seconds .

========================================================================
Received Import Request.
  Time since last request: 0.764590 seconds.
  path: Assets/Prefabs/Level 1/L1 4.prefab
  artifactKey: Guid(8f28aa877fb95744abbc2318aafa147a) Importer(815301076,1909f56bfc062723c751e8b465ee728b)
Start importing Assets/Prefabs/Level 1/L1 4.prefab using Guid(8f28aa877fb95744abbc2318aafa147a) Importer(815301076,1909f56bfc062723c751e8b465ee728b)  -> (artifact id: '96ebceefe3e7f9b1ffd255ecd5f7a060') in 0.037512 seconds
  Import took 0.040290 seconds .

========================================================================
Received Import Request.
  Time since last request: 1.976745 seconds.
  path: Assets/Prefabs/Level 1/L1 4.prefab
  artifactKey: Guid(8f28aa877fb95744abbc2318aafa147a) Importer(815301076,1909f56bfc062723c751e8b465ee728b)
Start importing Assets/Prefabs/Level 1/L1 4.prefab using Guid(8f28aa877fb95744abbc2318aafa147a) Importer(815301076,1909f56bfc062723c751e8b465ee728b)  -> (artifact id: 'ae080772af91d8a9b3714845db9e358b') in 0.050570 seconds
  Import took 0.053528 seconds .

========================================================================
Received Import Request.
  Time since last request: 4.387850 seconds.
  path: Assets/Prefabs/Level 1/L1 4.prefab
  artifactKey: Guid(8f28aa877fb95744abbc2318aafa147a) Importer(815301076,1909f56bfc062723c751e8b465ee728b)
Start importing Assets/Prefabs/Level 1/L1 4.prefab using Guid(8f28aa877fb95744abbc2318aafa147a) Importer(815301076,1909f56bfc062723c751e8b465ee728b)  -> (artifact id: 'e5741683a4377d5a93079b1687f11408') in 0.036218 seconds
  Import took 0.039097 seconds .

========================================================================
Received Prepare
Registering precompiled user dll's ...
Registered in 0.000541 seconds.
Begin MonoManager ReloadAssembly
Native extension for WindowsStandalone target not found
Native extension for WebGL target not found
Refreshing native plugins compatible for Editor in 0.38 ms, found 0 plugins.
Preloading 0 native plugins for Editor in 0.00 ms.
Mono: successfully reloaded assembly
- Completed reload, in  0.702 seconds
Platform modules already initialized, skipping
Switching build target platform(5) subTarget(0) extendedPlatform(0) -> platform(13) subTarget(537395200) extendedPlatform(0)
Refreshing native plugins compatible for Editor in 0.34 ms, found 0 plugins.
Preloading 0 native plugins for Editor in 0.00 ms.
Unloading 1129 Unused Serialized files (Serialized files now loaded: 0)
System memory in use before: 97.7 MB.
System memory in use after: 97.8 MB.

Unloading 4 unused Assets to reduce memory usage. Loaded Objects now: 1636.
Total: 1.962300 ms (FindLiveObjects: 0.153100 ms CreateObjectMapping: 0.029500 ms MarkObjects: 1.764700 ms  DeleteObjects: 0.014000 ms)

AssetImportParameters requested are different than current active one (requested -> active):
  custom:graphics/normal-map-encoding: 01000000000000000000000000000000 -> 02000000000000000000000000000000
AssetImportWorkerClient::OnTransportError - code=2 error=End of file
